<?xml version="1.0" encoding="UTF-8"?>
<!-- Generated by org.testng.reporters.JUnitReportReporter -->
<testsuite hostname="LAPTOP-LV0FJM8T" failures="0" tests="1" name="com.intel.TC_Login" time="23.375" errors="0" timestamp="2022-11-30T15:48:31 IST" skipped="0">
  <testcase classname="com.intel.TC_Login" name="login_Test" time="23.375"/>
  <system-out/>
</testsuite> <!-- com.intel.TC_Login -->
