<?xml version="1.0" encoding="UTF-8"?>
<!-- Generated by org.testng.reporters.JUnitReportReporter -->
<testsuite hostname="LAPTOP-LV0FJM8T" failures="0" tests="2" name="com.intel.AppTest" time="0.008" errors="0" timestamp="2022-11-30T15:48:31 IST" skipped="0">
  <testcase classname="com.intel.AppTest" name="testlogin1" time="0.007"/>
  <system-out/>
  <testcase classname="com.intel.AppTest" name="testlogin2" time="0.001"/>
  <system-out/>
</testsuite> <!-- com.intel.AppTest -->
